<?xml version="1.0" encoding="UTF-8"?>
<!-- Generated by org.testng.reporters.JUnitReportReporter -->
<testsuite hostname="FRP03383" failures="0" tests="1" name="test.java.test02" time="1.396" errors="0" timestamp="2022-12-14T10:40:38 CET" skipped="0">
  <testcase classname="test.java.test02" name="test02" time="1.396"/>
  <system-out/>
</testsuite> <!-- test.java.test02 -->
