<?xml version="1.0" encoding="UTF-8"?>
<!-- Generated by org.testng.reporters.JUnitReportReporter -->
<testsuite hostname="FRP03383" failures="0" tests="1" name="test.java.Test01" time="2.315" errors="0" timestamp="2022-12-14T10:40:38 CET" skipped="0">
  <testcase classname="test.java.Test01" name="test01" time="2.315"/>
  <system-out/>
</testsuite> <!-- test.java.Test01 -->
